2022-11-17 03:11:51,577 [INFO] django.utils.autoreload: Watching for file changes with StatReloader
2022-11-17 03:24:35,371 [WARNING] django.request: Not Found: /static/admin/css/base.css
2022-11-17 03:24:35,371 [WARNING] django.request: Not Found: /static/admin/css/dark_mode.css
2022-11-17 03:24:35,375 [WARNING] django.request: Not Found: /static/admin/css/dashboard.css
2022-11-17 03:24:35,388 [WARNING] django.request: Not Found: /static/admin/js/nav_sidebar.js
2022-11-17 03:24:35,394 [WARNING] django.request: Not Found: /static/admin/css/nav_sidebar.css
2022-11-17 03:24:35,399 [WARNING] django.request: Not Found: /static/admin/css/responsive.css
2022-11-17 03:24:43,569 [WARNING] django.request: Not Found: /static/admin/css/base.css
2022-11-17 03:24:43,571 [WARNING] django.request: Not Found: /static/admin/css/dark_mode.css
2022-11-17 03:24:43,572 [WARNING] django.request: Not Found: /static/admin/css/nav_sidebar.css
2022-11-17 03:24:43,574 [WARNING] django.request: Not Found: /static/admin/js/vendor/jquery/jquery.min.js
2022-11-17 03:24:43,575 [WARNING] django.request: Not Found: /static/admin/js/jquery.init.js
2022-11-17 03:24:43,579 [WARNING] django.request: Not Found: /static/admin/js/admin/RelatedObjectLookups.js
2022-11-17 03:24:43,585 [WARNING] django.request: Not Found: /static/admin/css/responsive.css
2022-11-17 03:24:43,593 [WARNING] django.request: Not Found: /static/admin/js/core.js
2022-11-17 03:24:43,600 [WARNING] django.request: Not Found: /static/admin/js/prepopulate.js
2022-11-17 03:24:43,601 [WARNING] django.request: Not Found: /static/admin/js/urlify.js
2022-11-17 03:24:43,606 [WARNING] django.request: Not Found: /static/admin/js/vendor/xregexp/xregexp.min.js
2022-11-17 03:24:43,624 [WARNING] django.request: Not Found: /static/admin/css/changelists.css
2022-11-17 03:24:43,646 [WARNING] django.request: Not Found: /static/admin/js/actions.js
2022-11-17 03:24:43,655 [WARNING] django.request: Not Found: /static/admin/js/nav_sidebar.js
2022-11-17 03:24:43,659 [WARNING] django.request: Not Found: /static/admin/js/filters.js
2022-11-17 03:24:43,726 [WARNING] django.request: Not Found: /static/admin/css/responsive.css
2022-11-17 03:48:17,292 [INFO] django.utils.autoreload: Watching for file changes with StatReloader
2022-11-17 03:48:21,103 [WARNING] django.request: Not Found: /static/css/styles.css
2022-11-17 03:56:52,107 [INFO] django.utils.autoreload: C:\Users\82103\Desktop\project\battery\my_settings.py changed, reloading.
2022-11-17 03:56:53,892 [INFO] django.utils.autoreload: Watching for file changes with StatReloader
2022-11-17 04:40:53,951 [WARNING] django.request: Not Found: /static/css/styles.css
2022-11-21 23:34:28,065 [INFO] django.utils.autoreload: Watching for file changes with StatReloader
2022-11-21 23:34:33,515 [WARNING] django.request: Not Found: /static/css/styles.css
2022-11-21 23:34:33,765 [WARNING] django.request: Not Found: /static/assets/favicon.ico
2022-11-21 23:34:35,666 [WARNING] django.request: Not Found: /static/css/styles.css
2022-11-22 00:55:51,370 [INFO] django.utils.autoreload: Watching for file changes with StatReloader
2022-11-22 00:55:58,078 [WARNING] django.request: Not Found: /static/css/styles.css
2022-11-22 01:03:26,967 [INFO] django.utils.autoreload: Watching for file changes with StatReloader
2022-11-22 01:03:35,336 [WARNING] django.request: Not Found: /static/css/styles.css
2022-11-22 01:04:45,897 [INFO] django.utils.autoreload: C:\Users\82103\Desktop\project\battery\config\settings.py changed, reloading.
2022-11-22 01:04:51,424 [INFO] django.utils.autoreload: Watching for file changes with StatReloader
2022-11-22 01:05:22,051 [INFO] django.utils.autoreload: C:\Users\82103\Desktop\project\battery\config\settings.py changed, reloading.
2022-11-22 01:05:27,074 [INFO] django.utils.autoreload: Watching for file changes with StatReloader
2022-11-22 01:05:38,467 [WARNING] django.request: Not Found: /static/css/styles.css
2022-11-22 01:06:32,822 [INFO] django.utils.autoreload: C:\Users\82103\Desktop\project\battery\config\settings.py changed, reloading.
2022-11-22 01:06:38,232 [INFO] django.utils.autoreload: Watching for file changes with StatReloader
2022-11-22 01:06:45,728 [WARNING] django.request: Not Found: /static/css/styles.css
2022-11-22 01:07:15,843 [INFO] django.utils.autoreload: C:\Users\82103\Desktop\project\battery\config\settings.py changed, reloading.
2022-11-22 01:07:19,438 [INFO] django.utils.autoreload: Watching for file changes with StatReloader
2022-11-22 01:07:33,223 [WARNING] django.request: Not Found: /static/css/styles.css
2022-11-22 01:11:59,251 [WARNING] django.request: Not Found: /static/admin/css/base.css
2022-11-22 01:11:59,268 [WARNING] django.request: Not Found: /static/admin/css/dark_mode.css
2022-11-22 01:11:59,283 [WARNING] django.request: Not Found: /static/admin/css/nav_sidebar.css
2022-11-22 01:11:59,286 [WARNING] django.request: Not Found: /static/admin/js/nav_sidebar.js
2022-11-22 01:11:59,299 [WARNING] django.request: Not Found: /static/admin/css/login.css
2022-11-22 01:11:59,335 [WARNING] django.request: Not Found: /static/admin/css/responsive.css
2022-11-22 01:12:00,663 [WARNING] django.request: Not Found: /favicon.ico
2022-11-22 01:14:34,601 [INFO] django.utils.autoreload: C:\Users\82103\Desktop\project\battery\config\settings.py changed, reloading.
2022-11-22 01:14:39,364 [INFO] django.utils.autoreload: Watching for file changes with StatReloader
2022-11-22 01:15:06,265 [INFO] django.utils.autoreload: C:\Users\82103\Desktop\project\battery\config\settings.py changed, reloading.
2022-11-22 01:15:09,446 [INFO] django.utils.autoreload: Watching for file changes with StatReloader
2022-11-22 01:15:17,766 [WARNING] django.request: Not Found: /static/css/styles.css
2022-11-22 01:16:50,005 [WARNING] django.request: Not Found: /static/css/styles.css
2022-11-22 01:16:50,083 [WARNING] django.request: Not Found: /static/assets/img/favicon.ico
2022-11-22 01:16:50,750 [WARNING] django.request: Not Found: /static/css/styles.css
2022-11-22 01:16:51,483 [WARNING] django.request: Not Found: /static/css/styles.css
2022-11-22 01:16:51,725 [WARNING] django.request: Not Found: /static/css/styles.css
2022-11-22 01:16:51,931 [WARNING] django.request: Not Found: /static/css/styles.css
2022-11-22 01:17:33,484 [INFO] django.utils.autoreload: C:\Users\82103\Desktop\project\battery\config\settings.py changed, reloading.
2022-11-22 01:17:39,163 [INFO] django.utils.autoreload: Watching for file changes with StatReloader
2022-11-22 01:19:41,804 [WARNING] django.request: Not Found: /static/css/styles.css
2022-11-22 01:23:40,811 [INFO] django.utils.autoreload: C:\Users\82103\Desktop\project\battery\config\settings.py changed, reloading.
2022-11-22 01:23:44,079 [INFO] django.utils.autoreload: Watching for file changes with StatReloader
2022-11-22 01:23:51,679 [WARNING] django.request: Not Found: /static/css/styles.css
2022-11-22 01:25:17,212 [INFO] django.utils.autoreload: Watching for file changes with StatReloader
2022-11-22 01:25:27,497 [WARNING] django.request: Not Found: /static/css/styles.css
2022-11-22 01:25:38,917 [WARNING] django.request: Not Found: /static/css/styles.css
2022-11-22 01:25:39,437 [WARNING] django.request: Not Found: /static/css/styles.css
2022-11-22 01:25:39,634 [WARNING] django.request: Not Found: /static/css/styles.css
2022-11-22 01:25:39,785 [WARNING] django.request: Not Found: /static/css/styles.css
2022-11-22 01:25:39,909 [WARNING] django.request: Not Found: /static/css/styles.css
2022-11-22 01:26:59,830 [INFO] django.utils.autoreload: C:\Users\82103\Desktop\project\battery\config\settings.py changed, reloading.
2022-11-22 01:27:04,491 [INFO] django.utils.autoreload: Watching for file changes with StatReloader
2022-11-22 01:27:12,692 [WARNING] django.request: Not Found: /static/css/styles.css
2022-11-22 01:32:04,864 [INFO] django.utils.autoreload: C:\Users\82103\Desktop\project\battery\config\settings.py changed, reloading.
2022-11-22 01:32:15,457 [INFO] django.utils.autoreload: Watching for file changes with StatReloader
2022-11-22 01:32:27,548 [WARNING] django.request: Not Found: /static/css/styles.css
2022-11-22 01:33:43,312 [INFO] django.utils.autoreload: C:\Users\82103\Desktop\project\battery\config\settings.py changed, reloading.
2022-11-22 01:33:47,988 [INFO] django.utils.autoreload: Watching for file changes with StatReloader
2022-11-22 01:35:11,820 [INFO] django.utils.autoreload: C:\Users\82103\Desktop\project\battery\config\settings.py changed, reloading.
2022-11-22 01:35:15,091 [INFO] django.utils.autoreload: Watching for file changes with StatReloader
2022-11-22 01:35:22,716 [WARNING] django.request: Not Found: /static/css/styles.css
2022-11-22 01:36:07,333 [INFO] django.utils.autoreload: Watching for file changes with StatReloader
2022-11-22 01:36:14,156 [WARNING] django.request: Not Found: /static/css/styles.css
2022-11-22 01:37:36,256 [WARNING] django.request: Not Found: /static/css/styles.css
2022-11-22 01:47:00,769 [INFO] django.utils.autoreload: C:\Users\82103\Desktop\project\battery\config\settings.py changed, reloading.
2022-11-22 01:47:04,530 [INFO] django.utils.autoreload: Watching for file changes with StatReloader
2022-11-22 01:47:22,223 [INFO] django.utils.autoreload: C:\Users\82103\Desktop\project\battery\config\settings.py changed, reloading.
2022-11-22 01:47:25,985 [INFO] django.utils.autoreload: Watching for file changes with StatReloader
2022-11-22 01:47:34,483 [WARNING] django.request: Not Found: /static/css/styles.css
2022-11-22 01:52:24,134 [WARNING] django.request: Not Found: /static/app/css/styles.css
2022-11-22 01:52:24,176 [WARNING] django.request: Not Found: /static/app/assets/img/favicon.ico
2022-11-22 01:57:26,408 [WARNING] django.request: Not Found: /static/app/css/styles.css
2022-11-22 01:57:26,486 [WARNING] django.request: Not Found: /static/favicon.ico
2022-11-22 02:00:23,777 [INFO] django.utils.autoreload: C:\Users\82103\Desktop\project\battery\config\settings.py changed, reloading.
2022-11-22 02:01:10,742 [INFO] django.utils.autoreload: Watching for file changes with StatReloader
2022-11-22 02:02:15,372 [WARNING] django.request: Not Found: /static/app/css/styles.css
2022-11-22 02:02:35,197 [WARNING] django.request: Not Found: /static/css/styles.css
2022-11-22 02:03:06,429 [WARNING] django.request: Not Found: /static/css/styles.css
2022-11-22 02:03:07,120 [WARNING] django.request: Not Found: /static/css/styles.css
2022-11-22 02:03:07,754 [WARNING] django.request: Not Found: /static/css/styles.css
2022-11-22 02:03:08,036 [WARNING] django.request: Not Found: /static/css/styles.css
2022-11-22 02:04:23,773 [WARNING] django.request: Not Found: /static/styles.css
2022-11-22 02:04:24,526 [WARNING] django.request: Not Found: /static/styles.css
2022-11-22 02:04:25,218 [WARNING] django.request: Not Found: /static/styles.css
2022-11-22 02:07:57,259 [INFO] django.utils.autoreload: Watching for file changes with StatReloader
2022-11-22 02:15:17,753 [INFO] django.utils.autoreload: Watching for file changes with StatReloader
2022-11-22 02:15:23,112 [WARNING] django.request: Not Found: /static/css/styles.css
2022-11-22 02:15:26,675 [WARNING] django.request: Not Found: /static/admin/css/base.css
2022-11-22 02:15:26,677 [WARNING] django.request: Not Found: /static/admin/css/dark_mode.css
2022-11-22 02:15:26,681 [WARNING] django.request: Not Found: /static/admin/css/nav_sidebar.css
2022-11-22 02:15:26,685 [WARNING] django.request: Not Found: /static/admin/js/nav_sidebar.js
2022-11-22 02:15:26,688 [WARNING] django.request: Not Found: /static/admin/css/login.css
2022-11-22 02:15:26,701 [WARNING] django.request: Not Found: /static/admin/css/responsive.css
2022-11-22 02:15:27,719 [WARNING] django.request: Not Found: /static/admin/css/base.css
2022-11-22 02:15:27,721 [WARNING] django.request: Not Found: /static/admin/css/dark_mode.css
2022-11-22 02:15:27,723 [WARNING] django.request: Not Found: /static/admin/css/nav_sidebar.css
2022-11-22 02:15:27,729 [WARNING] django.request: Not Found: /static/admin/js/nav_sidebar.js
2022-11-22 02:15:27,731 [WARNING] django.request: Not Found: /static/admin/css/login.css
2022-11-22 02:15:27,735 [WARNING] django.request: Not Found: /static/admin/css/responsive.css
2022-11-22 02:15:36,493 [WARNING] django.request: Not Found: /static/admin/css/base.css
2022-11-22 02:15:36,495 [WARNING] django.request: Not Found: /static/admin/css/dark_mode.css
2022-11-22 02:15:36,497 [WARNING] django.request: Not Found: /static/admin/css/nav_sidebar.css
2022-11-22 02:15:36,498 [WARNING] django.request: Not Found: /static/admin/css/responsive.css
2022-11-22 02:15:36,500 [WARNING] django.request: Not Found: /static/admin/js/nav_sidebar.js
2022-11-22 02:15:36,527 [WARNING] django.request: Not Found: /static/admin/css/dashboard.css
2022-11-22 02:15:44,610 [WARNING] django.request: Not Found: /static/admin/js/jquery.init.js
2022-11-22 02:15:44,612 [WARNING] django.request: Not Found: /static/admin/css/dark_mode.css
2022-11-22 02:15:44,613 [WARNING] django.request: Not Found: /static/admin/css/nav_sidebar.css
2022-11-22 02:15:44,614 [WARNING] django.request: Not Found: /static/admin/js/vendor/jquery/jquery.min.js
2022-11-22 02:15:44,641 [WARNING] django.request: Not Found: /static/admin/css/base.css
2022-11-22 02:15:44,643 [WARNING] django.request: Not Found: /static/admin/css/responsive.css
2022-11-22 02:15:44,658 [WARNING] django.request: Not Found: /static/admin/css/changelists.css
2022-11-22 02:15:44,674 [WARNING] django.request: Not Found: /static/admin/js/core.js
2022-11-22 02:15:44,676 [WARNING] django.request: Not Found: /static/admin/js/admin/RelatedObjectLookups.js
2022-11-22 02:15:44,695 [WARNING] django.request: Not Found: /static/admin/js/vendor/xregexp/xregexp.min.js
2022-11-22 02:15:44,707 [WARNING] django.request: Not Found: /static/admin/js/actions.js
2022-11-22 02:15:44,724 [WARNING] django.request: Not Found: /static/admin/js/urlify.js
2022-11-22 02:15:44,738 [WARNING] django.request: Not Found: /static/admin/js/prepopulate.js
2022-11-22 02:15:44,754 [WARNING] django.request: Not Found: /static/admin/css/responsive.css
2022-11-22 02:15:44,759 [WARNING] django.request: Not Found: /static/admin/js/nav_sidebar.js
2022-11-22 02:15:44,761 [WARNING] django.request: Not Found: /static/admin/js/filters.js
2022-11-22 02:15:47,161 [WARNING] django.request: Not Found: /static/admin/css/base.css
2022-11-22 02:15:47,163 [WARNING] django.request: Not Found: /static/admin/css/dark_mode.css
2022-11-22 02:15:47,165 [WARNING] django.request: Not Found: /static/admin/css/nav_sidebar.css
2022-11-22 02:15:47,167 [WARNING] django.request: Not Found: /static/admin/css/dashboard.css
2022-11-22 02:15:47,195 [WARNING] django.request: Not Found: /static/admin/css/responsive.css
2022-11-22 02:15:47,241 [WARNING] django.request: Not Found: /static/admin/js/nav_sidebar.js
2022-11-22 02:15:49,894 [WARNING] django.request: Not Found: /static/css/styles.css
2022-11-22 02:17:23,700 [INFO] django.utils.autoreload: C:\Users\82103\Desktop\project\battery\config\settings.py changed, reloading.
2022-11-22 02:17:27,926 [INFO] django.utils.autoreload: Watching for file changes with StatReloader
2022-11-22 02:17:35,284 [WARNING] django.request: Not Found: /static/css/styles.css
2022-11-22 02:17:37,333 [WARNING] django.request: Not Found: /static/css/styles.css
2022-11-22 02:17:41,497 [WARNING] django.request: Not Found: /static/admin/css/base.css
2022-11-22 02:17:41,500 [WARNING] django.request: Not Found: /static/admin/css/dark_mode.css
2022-11-22 02:17:41,512 [WARNING] django.request: Not Found: /static/admin/css/nav_sidebar.css
2022-11-22 02:17:41,543 [WARNING] django.request: Not Found: /static/admin/css/dashboard.css
2022-11-22 02:17:41,545 [WARNING] django.request: Not Found: /static/admin/css/responsive.css
2022-11-22 02:17:41,573 [WARNING] django.request: Not Found: /static/admin/js/nav_sidebar.js
2022-11-22 02:17:44,566 [WARNING] django.request: Not Found: /index
2022-11-22 02:17:46,350 [WARNING] django.request: Not Found: /static/admin/css/nav_sidebar.css
2022-11-22 02:17:46,355 [WARNING] django.request: Not Found: /static/admin/css/responsive.css
2022-11-22 02:24:47,467 [INFO] django.utils.autoreload: Watching for file changes with StatReloader
2022-11-22 02:25:00,881 [WARNING] django.request: Not Found: /static/css/styles.css
2022-11-22 02:27:34,390 [INFO] django.utils.autoreload: C:\Users\82103\Desktop\project\battery\config\settings.py changed, reloading.
2022-11-22 02:27:42,133 [INFO] django.utils.autoreload: Watching for file changes with StatReloader
2022-11-22 02:29:59,849 [INFO] django.utils.autoreload: Watching for file changes with StatReloader
2022-11-22 02:33:49,238 [INFO] django.utils.autoreload: Watching for file changes with StatReloader
2022-11-22 02:37:10,595 [INFO] django.utils.autoreload: C:\Users\82103\Desktop\project\battery\config\settings.py changed, reloading.
2022-11-22 02:37:21,628 [INFO] django.utils.autoreload: Watching for file changes with StatReloader
2022-11-22 02:38:16,688 [INFO] django.utils.autoreload: Watching for file changes with StatReloader
2022-11-22 02:38:30,931 [INFO] django.utils.autoreload: Watching for file changes with StatReloader
2022-11-22 02:38:37,885 [WARNING] django.request: Not Found: /static/css/styles.css
2022-11-22 02:38:42,218 [WARNING] django.request: Not Found: /static/css/styles.css
2022-11-22 02:39:18,869 [WARNING] django.request: Not Found: /static/css/styles.css
2022-11-22 02:39:19,724 [WARNING] django.request: Not Found: /static/css/styles.css
2022-11-22 02:39:20,476 [WARNING] django.request: Not Found: /static/css/styles.css
2022-11-22 02:39:21,156 [WARNING] django.request: Not Found: /static/css/styles.css
2022-11-22 02:43:40,750 [WARNING] django.request: Not Found: /static/css/styles.css
2022-11-22 02:43:41,840 [WARNING] django.request: Not Found: /static/css/styles.css
2022-11-22 02:43:42,111 [WARNING] django.request: Not Found: /static/css/styles.css
2022-11-22 02:43:42,344 [WARNING] django.request: Not Found: /static/css/styles.css
2022-11-22 02:44:02,631 [ERROR] django.request: Internal Server Error: /
Traceback (most recent call last):
  File "C:\Users\82103\Desktop\project\myvenv\lib\site-packages\django\template\defaulttags.py", line 1027, in find_library
    return parser.libraries[name]
KeyError: 'staticfiles'

During handling of the above exception, another exception occurred:

Traceback (most recent call last):
  File "C:\Users\82103\Desktop\project\myvenv\lib\site-packages\django\core\handlers\exception.py", line 55, in inner
    response = get_response(request)
  File "C:\Users\82103\Desktop\project\myvenv\lib\site-packages\django\core\handlers\base.py", line 197, in _get_response
    response = wrapped_callback(request, *callback_args, **callback_kwargs)
  File "C:\Users\82103\Desktop\project\battery\app\views.py", line 9, in index
    return render(request, 'index.html')
  File "C:\Users\82103\Desktop\project\myvenv\lib\site-packages\django\shortcuts.py", line 24, in render
    content = loader.render_to_string(template_name, context, request, using=using)
  File "C:\Users\82103\Desktop\project\myvenv\lib\site-packages\django\template\loader.py", line 61, in render_to_string
    template = get_template(template_name, using=using)
  File "C:\Users\82103\Desktop\project\myvenv\lib\site-packages\django\template\loader.py", line 15, in get_template
    return engine.get_template(template_name)
  File "C:\Users\82103\Desktop\project\myvenv\lib\site-packages\django\template\backends\django.py", line 34, in get_template
    return Template(self.engine.get_template(template_name), self)
  File "C:\Users\82103\Desktop\project\myvenv\lib\site-packages\django\template\engine.py", line 175, in get_template
    template, origin = self.find_template(template_name)
  File "C:\Users\82103\Desktop\project\myvenv\lib\site-packages\django\template\engine.py", line 157, in find_template
    template = loader.get_template(name, skip=skip)
  File "C:\Users\82103\Desktop\project\myvenv\lib\site-packages\django\template\loaders\cached.py", line 57, in get_template
    template = super().get_template(template_name, skip)
  File "C:\Users\82103\Desktop\project\myvenv\lib\site-packages\django\template\loaders\base.py", line 28, in get_template
    return Template(
  File "C:\Users\82103\Desktop\project\myvenv\lib\site-packages\django\template\base.py", line 154, in __init__
    self.nodelist = self.compile_nodelist()
  File "C:\Users\82103\Desktop\project\myvenv\lib\site-packages\django\template\base.py", line 200, in compile_nodelist
    return parser.parse()
  File "C:\Users\82103\Desktop\project\myvenv\lib\site-packages\django\template\base.py", line 513, in parse
    raise self.error(token, e)
  File "C:\Users\82103\Desktop\project\myvenv\lib\site-packages\django\template\base.py", line 511, in parse
    compiled_result = compile_func(self, token)
  File "C:\Users\82103\Desktop\project\myvenv\lib\site-packages\django\template\defaulttags.py", line 1089, in load
    lib = find_library(parser, name)
  File "C:\Users\82103\Desktop\project\myvenv\lib\site-packages\django\template\defaulttags.py", line 1029, in find_library
    raise TemplateSyntaxError(
django.template.exceptions.TemplateSyntaxError: 'staticfiles' is not a registered tag library. Must be one of:
admin_list
admin_modify
admin_urls
bootstrap4
cache
i18n
l10n
log
static
tz
2022-11-22 02:44:04,049 [ERROR] django.request: Internal Server Error: /
Traceback (most recent call last):
  File "C:\Users\82103\Desktop\project\myvenv\lib\site-packages\django\template\defaulttags.py", line 1027, in find_library
    return parser.libraries[name]
KeyError: 'staticfiles'

During handling of the above exception, another exception occurred:

Traceback (most recent call last):
  File "C:\Users\82103\Desktop\project\myvenv\lib\site-packages\django\core\handlers\exception.py", line 55, in inner
    response = get_response(request)
  File "C:\Users\82103\Desktop\project\myvenv\lib\site-packages\django\core\handlers\base.py", line 197, in _get_response
    response = wrapped_callback(request, *callback_args, **callback_kwargs)
  File "C:\Users\82103\Desktop\project\battery\app\views.py", line 9, in index
    return render(request, 'index.html')
  File "C:\Users\82103\Desktop\project\myvenv\lib\site-packages\django\shortcuts.py", line 24, in render
    content = loader.render_to_string(template_name, context, request, using=using)
  File "C:\Users\82103\Desktop\project\myvenv\lib\site-packages\django\template\loader.py", line 61, in render_to_string
    template = get_template(template_name, using=using)
  File "C:\Users\82103\Desktop\project\myvenv\lib\site-packages\django\template\loader.py", line 15, in get_template
    return engine.get_template(template_name)
  File "C:\Users\82103\Desktop\project\myvenv\lib\site-packages\django\template\backends\django.py", line 34, in get_template
    return Template(self.engine.get_template(template_name), self)
  File "C:\Users\82103\Desktop\project\myvenv\lib\site-packages\django\template\engine.py", line 175, in get_template
    template, origin = self.find_template(template_name)
  File "C:\Users\82103\Desktop\project\myvenv\lib\site-packages\django\template\engine.py", line 157, in find_template
    template = loader.get_template(name, skip=skip)
  File "C:\Users\82103\Desktop\project\myvenv\lib\site-packages\django\template\loaders\cached.py", line 57, in get_template
    template = super().get_template(template_name, skip)
  File "C:\Users\82103\Desktop\project\myvenv\lib\site-packages\django\template\loaders\base.py", line 28, in get_template
    return Template(
  File "C:\Users\82103\Desktop\project\myvenv\lib\site-packages\django\template\base.py", line 154, in __init__
    self.nodelist = self.compile_nodelist()
  File "C:\Users\82103\Desktop\project\myvenv\lib\site-packages\django\template\base.py", line 200, in compile_nodelist
    return parser.parse()
  File "C:\Users\82103\Desktop\project\myvenv\lib\site-packages\django\template\base.py", line 513, in parse
    raise self.error(token, e)
  File "C:\Users\82103\Desktop\project\myvenv\lib\site-packages\django\template\base.py", line 511, in parse
    compiled_result = compile_func(self, token)
  File "C:\Users\82103\Desktop\project\myvenv\lib\site-packages\django\template\defaulttags.py", line 1089, in load
    lib = find_library(parser, name)
  File "C:\Users\82103\Desktop\project\myvenv\lib\site-packages\django\template\defaulttags.py", line 1029, in find_library
    raise TemplateSyntaxError(
django.template.exceptions.TemplateSyntaxError: 'staticfiles' is not a registered tag library. Must be one of:
admin_list
admin_modify
admin_urls
bootstrap4
cache
i18n
l10n
log
static
tz
2022-11-22 02:44:13,161 [WARNING] django.request: Not Found: /static/css/styles.css
2022-11-22 02:44:13,433 [WARNING] django.request: Not Found: /static/css/styles.css
2022-11-22 02:44:40,583 [INFO] django.utils.autoreload: C:\Users\82103\Desktop\project\battery\config\settings.py changed, reloading.
2022-11-22 02:44:46,916 [INFO] django.utils.autoreload: Watching for file changes with StatReloader
2022-11-22 02:48:01,601 [INFO] django.utils.autoreload: Watching for file changes with StatReloader
2022-11-22 02:48:08,019 [WARNING] django.request: Not Found: /static/css/styles.css
2022-11-22 02:50:15,879 [WARNING] django.request: Not Found: /static/css/styles.css
2022-11-22 02:50:17,422 [WARNING] django.request: Not Found: /static/css/styles.css
2022-11-22 02:57:38,067 [INFO] django.utils.autoreload: Watching for file changes with StatReloader
2022-11-22 02:57:47,320 [WARNING] django.request: Not Found: /static/css/styles.css
2022-11-22 03:01:22,577 [INFO] django.utils.autoreload: C:\Users\82103\Desktop\project\battery\config\settings.py changed, reloading.
2022-11-22 05:07:25,833 [INFO] django.utils.autoreload: Watching for file changes with StatReloader
2022-11-22 05:07:33,676 [WARNING] django.request: Not Found: /static/css/styles.css
2022-11-23 17:19:16,325 [INFO] django.utils.autoreload: Watching for file changes with StatReloader
2022-11-23 17:19:21,262 [WARNING] django.request: Not Found: /static/css/styles.css
2022-11-23 17:19:21,434 [WARNING] django.request: Not Found: /static/assets/favicon.ico
2022-11-23 17:22:18,682 [INFO] django.utils.autoreload: Watching for file changes with StatReloader
2022-11-23 17:22:24,028 [WARNING] django.request: Not Found: /static/css/styles.css
2022-11-23 17:22:26,493 [WARNING] django.request: Not Found: /static/css/styles.css
2022-11-23 17:22:32,744 [WARNING] django.request: Not Found: /static/css/styles.css
2022-11-23 21:40:06,243 [INFO] django.utils.autoreload: Watching for file changes with StatReloader
2022-11-23 21:40:37,192 [WARNING] django.request: Not Found: /static/css/styles.css
2022-11-23 21:40:41,631 [WARNING] django.request: Not Found: /static/css/styles.css
2022-11-23 21:40:55,081 [WARNING] django.request: Not Found: /static/css/styles.css
2022-11-23 21:41:39,365 [INFO] django.utils.autoreload: C:\Users\82103\Desktop\project\battery\app\views.py changed, reloading.
2022-11-23 21:41:47,755 [INFO] django.utils.autoreload: Watching for file changes with StatReloader
2022-11-23 21:42:16,532 [WARNING] django.request: Not Found: /static/css/styles.css
2022-11-23 21:42:17,650 [WARNING] django.request: Not Found: /static/css/styles.css
2022-11-23 21:46:10,696 [WARNING] django.request: Not Found: /static/css/styles.css
2022-11-23 21:46:11,264 [WARNING] django.request: Not Found: /static/css/styles.css
2022-11-23 21:46:11,682 [WARNING] django.request: Not Found: /static/css/styles.css
2022-11-23 21:46:12,022 [WARNING] django.request: Not Found: /static/css/styles.css
2022-11-23 21:46:12,416 [WARNING] django.request: Not Found: /static/css/styles.css
2022-11-23 21:46:13,142 [WARNING] django.request: Not Found: /static/css/styles.css
2022-11-23 21:46:46,657 [INFO] django.utils.autoreload: C:\Users\82103\Desktop\project\battery\config\settings.py changed, reloading.
2022-12-01 10:57:41,382 [INFO] django.utils.autoreload: Watching for file changes with StatReloader
2022-12-01 10:57:44,427 [WARNING] django.request: Not Found: /static/css/styles.css
2022-12-01 10:57:47,557 [WARNING] django.request: Not Found: /static/css/styles.css
2022-12-01 10:57:56,886 [WARNING] django.request: Not Found: /static/css/styles.css
2022-12-01 10:57:58,853 [WARNING] django.request: Not Found: /static/css/styles.css
2022-12-01 10:58:03,307 [WARNING] django.request: Not Found: /static/css/styles.css
